<?xml version="1.0" encoding="UTF-8"?>
<!-- Generated by org.testng.reporters.JUnitXMLReporter -->
<testsuite ignored="0" hostname="Kumarswamy-PC" failures="0" tests="3" name="testRunner-chrome" time="139.049" errors="0" timestamp="2025-03-02T19:07:22 IST">
  <testcase classname="com.V_tiger.Contact.CreateContactTest" name="createContactWithDateTest" time="26.008"/>
  <testcase classname="com.V_tiger.Contact.CreateContactTest" name="createContactWithNameTest" time="24.161"/>
  <testcase classname="com.V_tiger.Contact.CreateContactTest" name="createContactWithOrgTest" time="51.166"/>
</testsuite> <!-- testRunner-chrome -->
