<?xml version="1.0" encoding="UTF-8"?>
<!-- Generated by org.testng.reporters.JUnitXMLReporter -->
<testsuite ignored="6" hostname="Kumarswamy-PC" failures="0" tests="2" name="Test" time="72.199" errors="0" timestamp="2025-02-27T18:35:20 IST">
  <testcase classname="com.V_tiger.Contact.CreateContactTest" name="createContactWithNameTest" time="21.13"/>
  <testcase classname="com.V_tiger.Organization.CreateOrganizationTest" name="createOrgWithNameTest" time="21.849"/>
  <testcase classname="com.V_tiger.Contact.CreateContactTest" name="createContactWithDateTest" time="0.0">
    <ignored/>
  </testcase> <!-- createContactWithDateTest -->
  <testcase classname="com.Vtiger.BaseUtility.BaseClass" name="@BeforeSuite configBS" time="0.0">
    <ignored/>
  </testcase> <!-- @BeforeSuite configBS -->
  <testcase classname="com.V_tiger.Organization.CreateOrganizationTest" name="createOrgWithTypeTest" time="0.0">
    <ignored/>
  </testcase> <!-- createOrgWithTypeTest -->
  <testcase classname="com.V_tiger.Contact.CreateContactTest" name="createContactWithOrgTest" time="0.0">
    <ignored/>
  </testcase> <!-- createContactWithOrgTest -->
  <testcase classname="com.V_tiger.Organization.CreateOrganizationTest" name="createOrgWithPhoneTest" time="0.0">
    <ignored/>
  </testcase> <!-- createOrgWithPhoneTest -->
  <testcase classname="com.Vtiger.BaseUtility.BaseClass" name="@AfterSuite configAS" time="0.0">
    <ignored/>
  </testcase> <!-- @AfterSuite configAS -->
</testsuite> <!-- Test -->
