<?xml version="1.0" encoding="UTF-8"?>
<!-- Generated by org.testng.reporters.JUnitXMLReporter -->
<testsuite ignored="4" hostname="Kumarswamy-PC" failures="0" tests="4" name="Test" time="138.055" errors="0" timestamp="2025-03-03T17:41:02 IST">
  <testcase classname="com.V_tiger.Contact.CreateContactTest" name="createContactWithDateTest" time="20.482"/>
  <testcase classname="com.V_tiger.Contact.CreateContactTest" name="createContactWithOrgTest" time="30.494"/>
  <testcase classname="com.V_tiger.Organization.CreateOrganizationTest" name="createOrgWithPhoneTest" time="15.863"/>
  <testcase classname="com.V_tiger.Organization.CreateOrganizationTest" name="createOrgWithTypeTest" time="14.187"/>
  <testcase classname="com.V_tiger.Organization.CreateOrganizationTest" name="createOrgWithNameTest" time="0.0">
    <ignored/>
  </testcase> <!-- createOrgWithNameTest -->
  <testcase classname="com.V_tiger.Contact.CreateContactTest" name="createContactWithNameTest" time="0.0">
    <ignored/>
  </testcase> <!-- createContactWithNameTest -->
  <testcase classname="com.Vtiger.BaseUtility.BaseClass" name="@AfterSuite configAS" time="0.0">
    <ignored/>
  </testcase> <!-- @AfterSuite configAS -->
  <testcase classname="com.Vtiger.BaseUtility.BaseClass" name="@BeforeSuite configBS" time="0.0">
    <ignored/>
  </testcase> <!-- @BeforeSuite configBS -->
</testsuite> <!-- Test -->
