<?xml version="1.0" encoding="UTF-8"?>
<!-- Generated by org.testng.reporters.JUnitXMLReporter -->
<testsuite ignored="0" hostname="Kumarswamy-PC" failures="0" tests="3" name="Test2" time="0.332" errors="0" timestamp="2025-03-02T18:38:21 IST">
  <testcase classname="com.V_tiger.Organization.CreateOrganizationTest" name="createOrgWithNameTest" time="0.001">
    <skipped/>
  </testcase> <!-- createOrgWithNameTest -->
  <testcase classname="com.V_tiger.Organization.CreateOrganizationTest" name="createOrgWithPhoneTest" time="0.0">
    <skipped/>
  </testcase> <!-- createOrgWithPhoneTest -->
  <testcase classname="com.V_tiger.Organization.CreateOrganizationTest" name="createOrgWithTypeTest" time="0.0">
    <skipped/>
  </testcase> <!-- createOrgWithTypeTest -->
</testsuite> <!-- Test2 -->
