<?xml version="1.0" encoding="UTF-8"?>
<!-- Generated by org.testng.reporters.JUnitXMLReporter -->
<testsuite ignored="0" hostname="Kumarswamy-PC" failures="0" tests="3" name="testRunner-chrome" time="71.994" errors="0" timestamp="2025-03-02T19:19:00 IST">
  <testcase classname="com.V_tiger.Contact.CreateContactTest" name="createContactWithDateTest" time="13.88"/>
  <testcase classname="com.V_tiger.Contact.CreateContactTest" name="createContactWithNameTest" time="11.28"/>
  <testcase classname="com.V_tiger.Contact.CreateContactTest" name="createContactWithOrgTest" time="22.898"/>
</testsuite> <!-- testRunner-chrome -->
