<?xml version="1.0" encoding="UTF-8"?>
<testng-results ignored="0" total="12" passed="12" failed="0" skipped="0">
  <reporter-output>
  </reporter-output>
  <suite started-at="2025-03-04T15:05:45 IST" name="Suite" finished-at="2025-03-04T15:07:39 IST" duration-ms="113331">
    <groups>
      <group name="regressionTest">
        <method signature="CreateContactTest.createContactWithDateTest()[pri:0, instance:com.V_tiger.Contact.CreateContactTest@4a94ee4]" name="createContactWithDateTest" class="com.V_tiger.Contact.CreateContactTest"/>
        <method signature="CreateContactTest.createContactWithOrgTest()[pri:0, instance:com.V_tiger.Contact.CreateContactTest@4a94ee4]" name="createContactWithOrgTest" class="com.V_tiger.Contact.CreateContactTest"/>
        <method signature="CreateOrganizationTest.createOrgWithPhoneTest()[pri:0, instance:com.V_tiger.Organization.CreateOrganizationTest@12468a38]" name="createOrgWithPhoneTest" class="com.V_tiger.Organization.CreateOrganizationTest"/>
        <method signature="CreateOrganizationTest.createOrgWithTypeTest()[pri:0, instance:com.V_tiger.Organization.CreateOrganizationTest@12468a38]" name="createOrgWithTypeTest" class="com.V_tiger.Organization.CreateOrganizationTest"/>
        <method signature="CreateContactTest.createContactWithDateTest()[pri:0, instance:com.V_tiger.Contact.CreateContactTest@351d00c0]" name="createContactWithDateTest" class="com.V_tiger.Contact.CreateContactTest"/>
        <method signature="CreateContactTest.createContactWithOrgTest()[pri:0, instance:com.V_tiger.Contact.CreateContactTest@351d00c0]" name="createContactWithOrgTest" class="com.V_tiger.Contact.CreateContactTest"/>
        <method signature="CreateOrganizationTest.createOrgWithPhoneTest()[pri:0, instance:com.V_tiger.Organization.CreateOrganizationTest@49e53c76]" name="createOrgWithPhoneTest" class="com.V_tiger.Organization.CreateOrganizationTest"/>
        <method signature="CreateOrganizationTest.createOrgWithTypeTest()[pri:0, instance:com.V_tiger.Organization.CreateOrganizationTest@49e53c76]" name="createOrgWithTypeTest" class="com.V_tiger.Organization.CreateOrganizationTest"/>
      </group> <!-- regressionTest -->
      <group name="smokeTest">
        <method signature="CreateContactTest.createContactWithNameTest()[pri:0, instance:com.V_tiger.Contact.CreateContactTest@4a94ee4]" name="createContactWithNameTest" class="com.V_tiger.Contact.CreateContactTest"/>
        <method signature="CreateOrganizationTest.createOrgWithNameTest()[pri:0, instance:com.V_tiger.Organization.CreateOrganizationTest@12468a38]" name="createOrgWithNameTest" class="com.V_tiger.Organization.CreateOrganizationTest"/>
        <method signature="CreateContactTest.createContactWithNameTest()[pri:0, instance:com.V_tiger.Contact.CreateContactTest@351d00c0]" name="createContactWithNameTest" class="com.V_tiger.Contact.CreateContactTest"/>
        <method signature="CreateOrganizationTest.createOrgWithNameTest()[pri:0, instance:com.V_tiger.Organization.CreateOrganizationTest@49e53c76]" name="createOrgWithNameTest" class="com.V_tiger.Organization.CreateOrganizationTest"/>
      </group> <!-- smokeTest -->
    </groups>
    <test started-at="2025-03-04T15:05:45 IST" name="testRunner-chrome" finished-at="2025-03-04T15:07:35 IST" duration-ms="110153">
      <class name="com.V_tiger.Contact.CreateContactTest">
        <test-method is-config="true" signature="configBC(java.lang.String)[pri:0, instance:com.V_tiger.Contact.CreateContactTest@4a94ee4]" started-at="2025-03-04T15:05:45 IST" name="configBC" finished-at="2025-03-04T15:05:48 IST" duration-ms="2651" status="PASS">
          <params>
            <param index="0">
              <value>
                <![CDATA[chrome]]>
              </value>
            </param>
          </params>
          <reporter-output>
          </reporter-output>
        </test-method> <!-- configBC -->
        <test-method is-config="true" signature="configBM()[pri:0, instance:com.V_tiger.Contact.CreateContactTest@4a94ee4]" started-at="2025-03-04T15:05:48 IST" name="configBM" finished-at="2025-03-04T15:05:53 IST" duration-ms="4736" status="PASS">
          <reporter-output>
          </reporter-output>
        </test-method> <!-- configBM -->
        <test-method signature="createContactWithDateTest()[pri:0, instance:com.V_tiger.Contact.CreateContactTest@4a94ee4]" started-at="2025-03-04T15:05:53 IST" name="createContactWithDateTest" finished-at="2025-03-04T15:06:05 IST" duration-ms="12113" status="PASS">
          <reporter-output>
          </reporter-output>
        </test-method> <!-- createContactWithDateTest -->
        <test-method is-config="true" signature="configAM()[pri:0, instance:com.V_tiger.Contact.CreateContactTest@4a94ee4]" started-at="2025-03-04T15:06:05 IST" name="configAM" finished-at="2025-03-04T15:06:06 IST" duration-ms="1599" status="PASS">
          <reporter-output>
          </reporter-output>
        </test-method> <!-- configAM -->
        <test-method is-config="true" signature="configBM()[pri:0, instance:com.V_tiger.Contact.CreateContactTest@4a94ee4]" started-at="2025-03-04T15:06:06 IST" name="configBM" finished-at="2025-03-04T15:06:10 IST" duration-ms="3206" status="PASS">
          <reporter-output>
          </reporter-output>
        </test-method> <!-- configBM -->
        <test-method signature="createContactWithNameTest()[pri:0, instance:com.V_tiger.Contact.CreateContactTest@4a94ee4]" started-at="2025-03-04T15:06:10 IST" name="createContactWithNameTest" finished-at="2025-03-04T15:06:20 IST" duration-ms="10460" status="PASS">
          <reporter-output>
          </reporter-output>
        </test-method> <!-- createContactWithNameTest -->
        <test-method is-config="true" signature="configAM()[pri:0, instance:com.V_tiger.Contact.CreateContactTest@4a94ee4]" started-at="2025-03-04T15:06:20 IST" name="configAM" finished-at="2025-03-04T15:06:22 IST" duration-ms="1527" status="PASS">
          <reporter-output>
          </reporter-output>
        </test-method> <!-- configAM -->
        <test-method is-config="true" signature="configBM()[pri:0, instance:com.V_tiger.Contact.CreateContactTest@4a94ee4]" started-at="2025-03-04T15:06:22 IST" name="configBM" finished-at="2025-03-04T15:06:25 IST" duration-ms="3299" status="PASS">
          <reporter-output>
          </reporter-output>
        </test-method> <!-- configBM -->
        <test-method signature="createContactWithOrgTest()[pri:0, instance:com.V_tiger.Contact.CreateContactTest@4a94ee4]" started-at="2025-03-04T15:06:25 IST" name="createContactWithOrgTest" finished-at="2025-03-04T15:06:47 IST" duration-ms="22060" status="PASS">
          <reporter-output>
          </reporter-output>
        </test-method> <!-- createContactWithOrgTest -->
        <test-method is-config="true" signature="configAM()[pri:0, instance:com.V_tiger.Contact.CreateContactTest@4a94ee4]" started-at="2025-03-04T15:06:47 IST" name="configAM" finished-at="2025-03-04T15:06:49 IST" duration-ms="1565" status="PASS">
          <reporter-output>
          </reporter-output>
        </test-method> <!-- configAM -->
        <test-method is-config="true" signature="configAC()[pri:0, instance:com.V_tiger.Contact.CreateContactTest@4a94ee4]" started-at="2025-03-04T15:06:49 IST" name="configAC" finished-at="2025-03-04T15:06:49 IST" duration-ms="208" status="PASS">
          <reporter-output>
          </reporter-output>
        </test-method> <!-- configAC -->
      </class> <!-- com.V_tiger.Contact.CreateContactTest -->
      <class name="com.V_tiger.Organization.CreateOrganizationTest">
        <test-method is-config="true" signature="configBC(java.lang.String)[pri:0, instance:com.V_tiger.Organization.CreateOrganizationTest@12468a38]" started-at="2025-03-04T15:06:49 IST" name="configBC" finished-at="2025-03-04T15:06:50 IST" duration-ms="1232" status="PASS">
          <params>
            <param index="0">
              <value>
                <![CDATA[chrome]]>
              </value>
            </param>
          </params>
          <reporter-output>
          </reporter-output>
        </test-method> <!-- configBC -->
        <test-method is-config="true" signature="configBM()[pri:0, instance:com.V_tiger.Organization.CreateOrganizationTest@12468a38]" started-at="2025-03-04T15:06:50 IST" name="configBM" finished-at="2025-03-04T15:06:54 IST" duration-ms="3765" status="PASS">
          <reporter-output>
          </reporter-output>
        </test-method> <!-- configBM -->
        <test-method signature="createOrgWithNameTest()[pri:0, instance:com.V_tiger.Organization.CreateOrganizationTest@12468a38]" started-at="2025-03-04T15:06:54 IST" name="createOrgWithNameTest" finished-at="2025-03-04T15:07:05 IST" duration-ms="10794" status="PASS">
          <reporter-output>
          </reporter-output>
        </test-method> <!-- createOrgWithNameTest -->
        <test-method is-config="true" signature="configAM()[pri:0, instance:com.V_tiger.Organization.CreateOrganizationTest@12468a38]" started-at="2025-03-04T15:07:05 IST" name="configAM" finished-at="2025-03-04T15:07:06 IST" duration-ms="1502" status="PASS">
          <reporter-output>
          </reporter-output>
        </test-method> <!-- configAM -->
        <test-method is-config="true" signature="configBM()[pri:0, instance:com.V_tiger.Organization.CreateOrganizationTest@12468a38]" started-at="2025-03-04T15:07:06 IST" name="configBM" finished-at="2025-03-04T15:07:09 IST" duration-ms="3070" status="PASS">
          <reporter-output>
          </reporter-output>
        </test-method> <!-- configBM -->
        <test-method signature="createOrgWithPhoneTest()[pri:0, instance:com.V_tiger.Organization.CreateOrganizationTest@12468a38]" started-at="2025-03-04T15:07:09 IST" name="createOrgWithPhoneTest" finished-at="2025-03-04T15:07:20 IST" duration-ms="10491" status="PASS">
          <reporter-output>
          </reporter-output>
        </test-method> <!-- createOrgWithPhoneTest -->
        <test-method is-config="true" signature="configAM()[pri:0, instance:com.V_tiger.Organization.CreateOrganizationTest@12468a38]" started-at="2025-03-04T15:07:20 IST" name="configAM" finished-at="2025-03-04T15:07:21 IST" duration-ms="1462" status="PASS">
          <reporter-output>
          </reporter-output>
        </test-method> <!-- configAM -->
        <test-method is-config="true" signature="configBM()[pri:0, instance:com.V_tiger.Organization.CreateOrganizationTest@12468a38]" started-at="2025-03-04T15:07:21 IST" name="configBM" finished-at="2025-03-04T15:07:24 IST" duration-ms="2895" status="PASS">
          <reporter-output>
          </reporter-output>
        </test-method> <!-- configBM -->
        <test-method signature="createOrgWithTypeTest()[pri:0, instance:com.V_tiger.Organization.CreateOrganizationTest@12468a38]" started-at="2025-03-04T15:07:24 IST" name="createOrgWithTypeTest" finished-at="2025-03-04T15:07:34 IST" duration-ms="9726" status="PASS">
          <reporter-output>
          </reporter-output>
        </test-method> <!-- createOrgWithTypeTest -->
        <test-method is-config="true" signature="configAM()[pri:0, instance:com.V_tiger.Organization.CreateOrganizationTest@12468a38]" started-at="2025-03-04T15:07:34 IST" name="configAM" finished-at="2025-03-04T15:07:35 IST" duration-ms="1537" status="PASS">
          <reporter-output>
          </reporter-output>
        </test-method> <!-- configAM -->
        <test-method is-config="true" signature="configAC()[pri:0, instance:com.V_tiger.Organization.CreateOrganizationTest@12468a38]" started-at="2025-03-04T15:07:35 IST" name="configAC" finished-at="2025-03-04T15:07:35 IST" duration-ms="189" status="PASS">
          <reporter-output>
          </reporter-output>
        </test-method> <!-- configAC -->
      </class> <!-- com.V_tiger.Organization.CreateOrganizationTest -->
    </test> <!-- testRunner-chrome -->
    <test started-at="2025-03-04T15:05:45 IST" name="testRunner-edge" finished-at="2025-03-04T15:07:39 IST" duration-ms="113331">
      <class name="com.V_tiger.Contact.CreateContactTest">
        <test-method is-config="true" signature="configBC(java.lang.String)[pri:0, instance:com.V_tiger.Contact.CreateContactTest@351d00c0]" started-at="2025-03-04T15:06:39 IST" name="configBC" finished-at="2025-03-04T15:06:41 IST" duration-ms="1407" status="PASS">
          <params>
            <param index="0">
              <value>
                <![CDATA[edge]]>
              </value>
            </param>
          </params>
          <reporter-output>
          </reporter-output>
        </test-method> <!-- configBC -->
        <test-method is-config="true" signature="configBM()[pri:0, instance:com.V_tiger.Contact.CreateContactTest@351d00c0]" started-at="2025-03-04T15:06:41 IST" name="configBM" finished-at="2025-03-04T15:06:45 IST" duration-ms="3905" status="PASS">
          <reporter-output>
          </reporter-output>
        </test-method> <!-- configBM -->
        <test-method signature="createContactWithDateTest()[pri:0, instance:com.V_tiger.Contact.CreateContactTest@351d00c0]" started-at="2025-03-04T15:06:45 IST" name="createContactWithDateTest" finished-at="2025-03-04T15:06:55 IST" duration-ms="10503" status="PASS">
          <reporter-output>
          </reporter-output>
        </test-method> <!-- createContactWithDateTest -->
        <test-method is-config="true" signature="configAM()[pri:0, instance:com.V_tiger.Contact.CreateContactTest@351d00c0]" started-at="2025-03-04T15:06:55 IST" name="configAM" finished-at="2025-03-04T15:06:57 IST" duration-ms="1687" status="PASS">
          <reporter-output>
          </reporter-output>
        </test-method> <!-- configAM -->
        <test-method is-config="true" signature="configBM()[pri:0, instance:com.V_tiger.Contact.CreateContactTest@351d00c0]" started-at="2025-03-04T15:06:57 IST" name="configBM" finished-at="2025-03-04T15:07:00 IST" duration-ms="3067" status="PASS">
          <reporter-output>
          </reporter-output>
        </test-method> <!-- configBM -->
        <test-method signature="createContactWithNameTest()[pri:0, instance:com.V_tiger.Contact.CreateContactTest@351d00c0]" started-at="2025-03-04T15:07:00 IST" name="createContactWithNameTest" finished-at="2025-03-04T15:07:11 IST" duration-ms="10868" status="PASS">
          <reporter-output>
          </reporter-output>
        </test-method> <!-- createContactWithNameTest -->
        <test-method is-config="true" signature="configAM()[pri:0, instance:com.V_tiger.Contact.CreateContactTest@351d00c0]" started-at="2025-03-04T15:07:11 IST" name="configAM" finished-at="2025-03-04T15:07:12 IST" duration-ms="1547" status="PASS">
          <reporter-output>
          </reporter-output>
        </test-method> <!-- configAM -->
        <test-method is-config="true" signature="configBM()[pri:0, instance:com.V_tiger.Contact.CreateContactTest@351d00c0]" started-at="2025-03-04T15:07:12 IST" name="configBM" finished-at="2025-03-04T15:07:15 IST" duration-ms="3041" status="PASS">
          <reporter-output>
          </reporter-output>
        </test-method> <!-- configBM -->
        <test-method signature="createContactWithOrgTest()[pri:0, instance:com.V_tiger.Contact.CreateContactTest@351d00c0]" started-at="2025-03-04T15:07:15 IST" name="createContactWithOrgTest" finished-at="2025-03-04T15:07:36 IST" duration-ms="20981" status="PASS">
          <reporter-output>
          </reporter-output>
        </test-method> <!-- createContactWithOrgTest -->
        <test-method is-config="true" signature="configAM()[pri:0, instance:com.V_tiger.Contact.CreateContactTest@351d00c0]" started-at="2025-03-04T15:07:36 IST" name="configAM" finished-at="2025-03-04T15:07:37 IST" duration-ms="1056" status="PASS">
          <reporter-output>
          </reporter-output>
        </test-method> <!-- configAM -->
        <test-method is-config="true" signature="configAC()[pri:0, instance:com.V_tiger.Contact.CreateContactTest@351d00c0]" started-at="2025-03-04T15:07:37 IST" name="configAC" finished-at="2025-03-04T15:07:39 IST" duration-ms="1275" status="PASS">
          <reporter-output>
          </reporter-output>
        </test-method> <!-- configAC -->
      </class> <!-- com.V_tiger.Contact.CreateContactTest -->
      <class name="com.V_tiger.Organization.CreateOrganizationTest">
        <test-method is-config="true" signature="configBS()[pri:0, instance:com.V_tiger.Organization.CreateOrganizationTest@49e53c76]" started-at="2025-03-04T15:05:26 IST" name="configBS" finished-at="2025-03-04T15:05:45 IST" duration-ms="19254" status="PASS">
          <reporter-output>
          </reporter-output>
        </test-method> <!-- configBS -->
        <test-method is-config="true" signature="configBC(java.lang.String)[pri:0, instance:com.V_tiger.Organization.CreateOrganizationTest@49e53c76]" started-at="2025-03-04T15:05:45 IST" name="configBC" finished-at="2025-03-04T15:05:48 IST" duration-ms="2716" status="PASS">
          <params>
            <param index="0">
              <value>
                <![CDATA[edge]]>
              </value>
            </param>
          </params>
          <reporter-output>
          </reporter-output>
        </test-method> <!-- configBC -->
        <test-method is-config="true" signature="configBM()[pri:0, instance:com.V_tiger.Organization.CreateOrganizationTest@49e53c76]" started-at="2025-03-04T15:05:48 IST" name="configBM" finished-at="2025-03-04T15:05:52 IST" duration-ms="4273" status="PASS">
          <reporter-output>
          </reporter-output>
        </test-method> <!-- configBM -->
        <test-method signature="createOrgWithNameTest()[pri:0, instance:com.V_tiger.Organization.CreateOrganizationTest@49e53c76]" started-at="2025-03-04T15:05:52 IST" name="createOrgWithNameTest" finished-at="2025-03-04T15:06:05 IST" duration-ms="12374" status="PASS">
          <reporter-output>
          </reporter-output>
        </test-method> <!-- createOrgWithNameTest -->
        <test-method is-config="true" signature="configAM()[pri:0, instance:com.V_tiger.Organization.CreateOrganizationTest@49e53c76]" started-at="2025-03-04T15:06:05 IST" name="configAM" finished-at="2025-03-04T15:06:06 IST" duration-ms="1557" status="PASS">
          <reporter-output>
          </reporter-output>
        </test-method> <!-- configAM -->
        <test-method is-config="true" signature="configBM()[pri:0, instance:com.V_tiger.Organization.CreateOrganizationTest@49e53c76]" started-at="2025-03-04T15:06:06 IST" name="configBM" finished-at="2025-03-04T15:06:09 IST" duration-ms="3067" status="PASS">
          <reporter-output>
          </reporter-output>
        </test-method> <!-- configBM -->
        <test-method signature="createOrgWithPhoneTest()[pri:0, instance:com.V_tiger.Organization.CreateOrganizationTest@49e53c76]" started-at="2025-03-04T15:06:09 IST" name="createOrgWithPhoneTest" finished-at="2025-03-04T15:06:21 IST" duration-ms="11296" status="PASS">
          <reporter-output>
          </reporter-output>
        </test-method> <!-- createOrgWithPhoneTest -->
        <test-method is-config="true" signature="configAM()[pri:0, instance:com.V_tiger.Organization.CreateOrganizationTest@49e53c76]" started-at="2025-03-04T15:06:21 IST" name="configAM" finished-at="2025-03-04T15:06:22 IST" duration-ms="1613" status="PASS">
          <reporter-output>
          </reporter-output>
        </test-method> <!-- configAM -->
        <test-method is-config="true" signature="configBM()[pri:0, instance:com.V_tiger.Organization.CreateOrganizationTest@49e53c76]" started-at="2025-03-04T15:06:22 IST" name="configBM" finished-at="2025-03-04T15:06:26 IST" duration-ms="3322" status="PASS">
          <reporter-output>
          </reporter-output>
        </test-method> <!-- configBM -->
        <test-method signature="createOrgWithTypeTest()[pri:0, instance:com.V_tiger.Organization.CreateOrganizationTest@49e53c76]" started-at="2025-03-04T15:06:26 IST" name="createOrgWithTypeTest" finished-at="2025-03-04T15:06:36 IST" duration-ms="10823" status="PASS">
          <reporter-output>
          </reporter-output>
        </test-method> <!-- createOrgWithTypeTest -->
        <test-method is-config="true" signature="configAM()[pri:0, instance:com.V_tiger.Organization.CreateOrganizationTest@49e53c76]" started-at="2025-03-04T15:06:36 IST" name="configAM" finished-at="2025-03-04T15:06:38 IST" duration-ms="1457" status="PASS">
          <reporter-output>
          </reporter-output>
        </test-method> <!-- configAM -->
        <test-method is-config="true" signature="configAC()[pri:0, instance:com.V_tiger.Organization.CreateOrganizationTest@49e53c76]" started-at="2025-03-04T15:06:38 IST" name="configAC" finished-at="2025-03-04T15:06:39 IST" duration-ms="1442" status="PASS">
          <reporter-output>
          </reporter-output>
        </test-method> <!-- configAC -->
        <test-method is-config="true" signature="configAS()[pri:0, instance:com.V_tiger.Organization.CreateOrganizationTest@49e53c76]" started-at="2025-03-04T15:07:39 IST" name="configAS" finished-at="2025-03-04T15:07:39 IST" duration-ms="16" status="PASS">
          <reporter-output>
          </reporter-output>
        </test-method> <!-- configAS -->
      </class> <!-- com.V_tiger.Organization.CreateOrganizationTest -->
    </test> <!-- testRunner-edge -->
  </suite> <!-- Suite -->
</testng-results>
