<?xml version="1.0" encoding="UTF-8"?>
<testng-results ignored="0" total="2" passed="2" failed="0" skipped="0">
  <reporter-output>
  </reporter-output>
  <suite started-at="2025-03-04T17:08:27 IST" name="Suite" finished-at="2025-03-04T17:09:05 IST" duration-ms="38024">
    <groups>
      <group name="smokeTest">
        <method signature="CreateContactTest.createContactWithNameTest()[pri:0, instance:com.V_tiger.Contact.CreateContactTest@6379eb]" name="createContactWithNameTest" class="com.V_tiger.Contact.CreateContactTest"/>
        <method signature="CreateOrganizationTest.createOrgWithNameTest()[pri:0, instance:com.V_tiger.Organization.CreateOrganizationTest@59309333]" name="createOrgWithNameTest" class="com.V_tiger.Organization.CreateOrganizationTest"/>
      </group> <!-- smokeTest -->
    </groups>
    <test started-at="2025-03-04T17:08:27 IST" name="Test" finished-at="2025-03-04T17:09:05 IST" duration-ms="38024">
      <class name="com.V_tiger.Contact.CreateContactTest">
        <test-method is-config="true" signature="configBS()[pri:0, instance:com.V_tiger.Contact.CreateContactTest@6379eb]" started-at="2025-03-04T17:08:12 IST" name="configBS" finished-at="2025-03-04T17:08:27 IST" duration-ms="14609" status="PASS">
          <reporter-output>
          </reporter-output>
        </test-method> <!-- configBS -->
        <test-method is-config="true" signature="configBC()[pri:0, instance:com.V_tiger.Contact.CreateContactTest@6379eb]" started-at="2025-03-04T17:08:27 IST" name="configBC" finished-at="2025-03-04T17:08:31 IST" duration-ms="3441" status="PASS">
          <reporter-output>
          </reporter-output>
        </test-method> <!-- configBC -->
        <test-method is-config="true" signature="configBM()[pri:0, instance:com.V_tiger.Contact.CreateContactTest@6379eb]" started-at="2025-03-04T17:08:31 IST" name="configBM" finished-at="2025-03-04T17:08:35 IST" duration-ms="3975" status="PASS">
          <reporter-output>
          </reporter-output>
        </test-method> <!-- configBM -->
        <test-method signature="createContactWithNameTest()[pri:0, instance:com.V_tiger.Contact.CreateContactTest@6379eb]" started-at="2025-03-04T17:08:35 IST" name="createContactWithNameTest" finished-at="2025-03-04T17:08:43 IST" duration-ms="8898" status="PASS">
          <reporter-output>
          </reporter-output>
        </test-method> <!-- createContactWithNameTest -->
        <test-method is-config="true" signature="configAM()[pri:0, instance:com.V_tiger.Contact.CreateContactTest@6379eb]" started-at="2025-03-04T17:08:43 IST" name="configAM" finished-at="2025-03-04T17:08:45 IST" duration-ms="1451" status="PASS">
          <reporter-output>
          </reporter-output>
        </test-method> <!-- configAM -->
        <test-method is-config="true" signature="configAC()[pri:0, instance:com.V_tiger.Contact.CreateContactTest@6379eb]" started-at="2025-03-04T17:08:45 IST" name="configAC" finished-at="2025-03-04T17:08:46 IST" duration-ms="836" status="PASS">
          <reporter-output>
          </reporter-output>
        </test-method> <!-- configAC -->
        <test-method is-config="true" signature="configAS()[pri:0, instance:com.V_tiger.Contact.CreateContactTest@6379eb]" started-at="2025-03-04T17:09:05 IST" name="configAS" finished-at="2025-03-04T17:09:05 IST" duration-ms="8" status="PASS">
          <reporter-output>
          </reporter-output>
        </test-method> <!-- configAS -->
      </class> <!-- com.V_tiger.Contact.CreateContactTest -->
      <class name="com.V_tiger.Organization.CreateOrganizationTest">
        <test-method is-config="true" signature="configBC()[pri:0, instance:com.V_tiger.Organization.CreateOrganizationTest@59309333]" started-at="2025-03-04T17:08:46 IST" name="configBC" finished-at="2025-03-04T17:08:49 IST" duration-ms="2898" status="PASS">
          <reporter-output>
          </reporter-output>
        </test-method> <!-- configBC -->
        <test-method is-config="true" signature="configBM()[pri:0, instance:com.V_tiger.Organization.CreateOrganizationTest@59309333]" started-at="2025-03-04T17:08:49 IST" name="configBM" finished-at="2025-03-04T17:08:52 IST" duration-ms="3362" status="PASS">
          <reporter-output>
          </reporter-output>
        </test-method> <!-- configBM -->
        <test-method signature="createOrgWithNameTest()[pri:0, instance:com.V_tiger.Organization.CreateOrganizationTest@59309333]" started-at="2025-03-04T17:08:52 IST" name="createOrgWithNameTest" finished-at="2025-03-04T17:09:03 IST" duration-ms="10533" status="PASS">
          <reporter-output>
          </reporter-output>
        </test-method> <!-- createOrgWithNameTest -->
        <test-method is-config="true" signature="configAM()[pri:0, instance:com.V_tiger.Organization.CreateOrganizationTest@59309333]" started-at="2025-03-04T17:09:03 IST" name="configAM" finished-at="2025-03-04T17:09:04 IST" duration-ms="1458" status="PASS">
          <reporter-output>
          </reporter-output>
        </test-method> <!-- configAM -->
        <test-method is-config="true" signature="configAC()[pri:0, instance:com.V_tiger.Organization.CreateOrganizationTest@59309333]" started-at="2025-03-04T17:09:04 IST" name="configAC" finished-at="2025-03-04T17:09:05 IST" duration-ms="1116" status="PASS">
          <reporter-output>
          </reporter-output>
        </test-method> <!-- configAC -->
      </class> <!-- com.V_tiger.Organization.CreateOrganizationTest -->
    </test> <!-- Test -->
  </suite> <!-- Suite -->
</testng-results>
