<?xml version="1.0" encoding="UTF-8"?>
<!-- Generated by org.testng.reporters.JUnitXMLReporter -->
<testsuite ignored="2" hostname="Kumarswamy-PC" failures="0" tests="6" name="testRunner-edge" time="113.331" errors="0" timestamp="2025-03-04T15:07:39 IST">
  <testcase classname="com.V_tiger.Organization.CreateOrganizationTest" name="createOrgWithNameTest" time="12.374"/>
  <testcase classname="com.V_tiger.Organization.CreateOrganizationTest" name="createOrgWithPhoneTest" time="11.296"/>
  <testcase classname="com.V_tiger.Organization.CreateOrganizationTest" name="createOrgWithTypeTest" time="10.823"/>
  <testcase classname="com.V_tiger.Contact.CreateContactTest" name="createContactWithDateTest" time="10.503"/>
  <testcase classname="com.V_tiger.Contact.CreateContactTest" name="createContactWithNameTest" time="10.868"/>
  <testcase classname="com.V_tiger.Contact.CreateContactTest" name="createContactWithOrgTest" time="20.981"/>
  <testcase classname="com.Vtiger.BaseUtility.BaseClass" name="@AfterSuite configAS" time="0.0">
    <ignored/>
  </testcase> <!-- @AfterSuite configAS -->
  <testcase classname="com.Vtiger.BaseUtility.BaseClass" name="@BeforeSuite configBS" time="0.0">
    <ignored/>
  </testcase> <!-- @BeforeSuite configBS -->
</testsuite> <!-- testRunner-edge -->
