<?xml version="1.0" encoding="UTF-8"?>
<!-- Generated by org.testng.reporters.JUnitXMLReporter -->
<testsuite ignored="0" hostname="Kumarswamy-PC" failures="0" tests="3" name="Default test" time="42.93" errors="0" timestamp="2025-03-01T20:13:50 IST">
  <testcase classname="com.V_tiger.Organization.CreateOrganizationTest" name="createOrgWithNameTest" time="9.489"/>
  <testcase classname="com.V_tiger.Organization.CreateOrganizationTest" name="createOrgWithPhoneTest" time="9.459"/>
  <testcase classname="com.V_tiger.Organization.CreateOrganizationTest" name="createOrgWithTypeTest" time="9.169"/>
</testsuite> <!-- Default test -->
