<?xml version="1.0" encoding="UTF-8"?>
<testng-results ignored="0" total="2" passed="2" failed="0" skipped="0">
  <reporter-output>
  </reporter-output>
  <suite started-at="2025-03-02T19:30:42 IST" name="Suite" finished-at="2025-03-02T19:31:16 IST" duration-ms="33473">
    <groups>
      <group name="smokeTest">
        <method signature="CreateContactTest.createContactWithNameTest()[pri:0, instance:com.V_tiger.Contact.CreateContactTest@5b12b668]" name="createContactWithNameTest" class="com.V_tiger.Contact.CreateContactTest"/>
        <method signature="CreateOrganizationTest.createOrgWithNameTest()[pri:0, instance:com.V_tiger.Organization.CreateOrganizationTest@5542c4ed]" name="createOrgWithNameTest" class="com.V_tiger.Organization.CreateOrganizationTest"/>
      </group> <!-- smokeTest -->
    </groups>
    <test started-at="2025-03-02T19:30:42 IST" name="Test" finished-at="2025-03-02T19:31:16 IST" duration-ms="33473">
      <class name="com.V_tiger.Contact.CreateContactTest">
        <test-method is-config="true" signature="configBS()[pri:0, instance:com.V_tiger.Contact.CreateContactTest@5b12b668]" started-at="2025-03-02T19:30:24 IST" name="configBS" finished-at="2025-03-02T19:30:42 IST" duration-ms="17889" status="PASS">
          <reporter-output>
          </reporter-output>
        </test-method> <!-- configBS -->
        <test-method is-config="true" signature="configBC()[pri:0, instance:com.V_tiger.Contact.CreateContactTest@5b12b668]" started-at="2025-03-02T19:30:42 IST" name="configBC" finished-at="2025-03-02T19:30:44 IST" duration-ms="2136" status="PASS">
          <reporter-output>
          </reporter-output>
        </test-method> <!-- configBC -->
        <test-method is-config="true" signature="configBM()[pri:0, instance:com.V_tiger.Contact.CreateContactTest@5b12b668]" started-at="2025-03-02T19:30:44 IST" name="configBM" finished-at="2025-03-02T19:30:48 IST" duration-ms="3544" status="PASS">
          <reporter-output>
          </reporter-output>
        </test-method> <!-- configBM -->
        <test-method signature="createContactWithNameTest()[pri:0, instance:com.V_tiger.Contact.CreateContactTest@5b12b668]" started-at="2025-03-02T19:30:48 IST" name="createContactWithNameTest" finished-at="2025-03-02T19:30:58 IST" duration-ms="9980" status="PASS">
          <reporter-output>
          </reporter-output>
        </test-method> <!-- createContactWithNameTest -->
        <test-method is-config="true" signature="configAM()[pri:0, instance:com.V_tiger.Contact.CreateContactTest@5b12b668]" started-at="2025-03-02T19:30:58 IST" name="configAM" finished-at="2025-03-02T19:30:59 IST" duration-ms="1503" status="PASS">
          <reporter-output>
          </reporter-output>
        </test-method> <!-- configAM -->
        <test-method is-config="true" signature="configAC()[pri:0, instance:com.V_tiger.Contact.CreateContactTest@5b12b668]" started-at="2025-03-02T19:30:59 IST" name="configAC" finished-at="2025-03-02T19:31:00 IST" duration-ms="286" status="PASS">
          <reporter-output>
          </reporter-output>
        </test-method> <!-- configAC -->
        <test-method is-config="true" signature="configAS()[pri:0, instance:com.V_tiger.Contact.CreateContactTest@5b12b668]" started-at="2025-03-02T19:31:16 IST" name="configAS" finished-at="2025-03-02T19:31:16 IST" duration-ms="29" status="PASS">
          <reporter-output>
          </reporter-output>
        </test-method> <!-- configAS -->
      </class> <!-- com.V_tiger.Contact.CreateContactTest -->
      <class name="com.V_tiger.Organization.CreateOrganizationTest">
        <test-method is-config="true" signature="configBC()[pri:0, instance:com.V_tiger.Organization.CreateOrganizationTest@5542c4ed]" started-at="2025-03-02T19:31:00 IST" name="configBC" finished-at="2025-03-02T19:31:01 IST" duration-ms="1209" status="PASS">
          <reporter-output>
          </reporter-output>
        </test-method> <!-- configBC -->
        <test-method is-config="true" signature="configBM()[pri:0, instance:com.V_tiger.Organization.CreateOrganizationTest@5542c4ed]" started-at="2025-03-02T19:31:01 IST" name="configBM" finished-at="2025-03-02T19:31:04 IST" duration-ms="3289" status="PASS">
          <reporter-output>
          </reporter-output>
        </test-method> <!-- configBM -->
        <test-method signature="createOrgWithNameTest()[pri:0, instance:com.V_tiger.Organization.CreateOrganizationTest@5542c4ed]" started-at="2025-03-02T19:31:04 IST" name="createOrgWithNameTest" finished-at="2025-03-02T19:31:14 IST" duration-ms="9749" status="PASS">
          <reporter-output>
          </reporter-output>
        </test-method> <!-- createOrgWithNameTest -->
        <test-method is-config="true" signature="configAM()[pri:0, instance:com.V_tiger.Organization.CreateOrganizationTest@5542c4ed]" started-at="2025-03-02T19:31:14 IST" name="configAM" finished-at="2025-03-02T19:31:15 IST" duration-ms="1430" status="PASS">
          <reporter-output>
          </reporter-output>
        </test-method> <!-- configAM -->
        <test-method is-config="true" signature="configAC()[pri:0, instance:com.V_tiger.Organization.CreateOrganizationTest@5542c4ed]" started-at="2025-03-02T19:31:15 IST" name="configAC" finished-at="2025-03-02T19:31:16 IST" duration-ms="268" status="PASS">
          <reporter-output>
          </reporter-output>
        </test-method> <!-- configAC -->
      </class> <!-- com.V_tiger.Organization.CreateOrganizationTest -->
    </test> <!-- Test -->
  </suite> <!-- Suite -->
</testng-results>
