<?xml version="1.0" encoding="UTF-8"?>
<testng-results ignored="0" total="6" passed="6" failed="0" skipped="0">
  <reporter-output>
  </reporter-output>
  <suite started-at="2025-03-02T19:05:03 IST" name="Suite" finished-at="2025-03-02T19:07:22 IST" duration-ms="139049">
    <groups>
      <group name="regressionTest">
        <method signature="CreateContactTest.createContactWithDateTest()[pri:0, instance:com.V_tiger.Contact.CreateContactTest@4fb61f4a]" name="createContactWithDateTest" class="com.V_tiger.Contact.CreateContactTest"/>
        <method signature="CreateContactTest.createContactWithOrgTest()[pri:0, instance:com.V_tiger.Contact.CreateContactTest@4fb61f4a]" name="createContactWithOrgTest" class="com.V_tiger.Contact.CreateContactTest"/>
        <method signature="CreateOrganizationTest.createOrgWithPhoneTest()[pri:0, instance:com.V_tiger.Organization.CreateOrganizationTest@38d8f54a]" name="createOrgWithPhoneTest" class="com.V_tiger.Organization.CreateOrganizationTest"/>
        <method signature="CreateOrganizationTest.createOrgWithTypeTest()[pri:0, instance:com.V_tiger.Organization.CreateOrganizationTest@38d8f54a]" name="createOrgWithTypeTest" class="com.V_tiger.Organization.CreateOrganizationTest"/>
      </group> <!-- regressionTest -->
      <group name="smokeTest">
        <method signature="CreateContactTest.createContactWithNameTest()[pri:0, instance:com.V_tiger.Contact.CreateContactTest@4fb61f4a]" name="createContactWithNameTest" class="com.V_tiger.Contact.CreateContactTest"/>
        <method signature="CreateOrganizationTest.createOrgWithNameTest()[pri:0, instance:com.V_tiger.Organization.CreateOrganizationTest@38d8f54a]" name="createOrgWithNameTest" class="com.V_tiger.Organization.CreateOrganizationTest"/>
      </group> <!-- smokeTest -->
    </groups>
    <test started-at="2025-03-02T19:05:03 IST" name="testRunner-firefox" finished-at="2025-03-02T19:07:00 IST" duration-ms="116795">
      <class name="com.V_tiger.Organization.CreateOrganizationTest">
        <test-method is-config="true" signature="configBS()[pri:0, instance:com.V_tiger.Organization.CreateOrganizationTest@38d8f54a]" started-at="2025-03-02T19:04:48 IST" name="configBS" finished-at="2025-03-02T19:05:03 IST" duration-ms="14724" status="PASS">
          <reporter-output>
          </reporter-output>
        </test-method> <!-- configBS -->
        <test-method is-config="true" signature="configBC(java.lang.String)[pri:0, instance:com.V_tiger.Organization.CreateOrganizationTest@38d8f54a]" started-at="2025-03-02T19:05:03 IST" name="configBC" finished-at="2025-03-02T19:05:07 IST" duration-ms="3780" status="PASS">
          <params>
            <param index="0">
              <value>
                <![CDATA[edge]]>
              </value>
            </param>
          </params>
          <reporter-output>
          </reporter-output>
        </test-method> <!-- configBC -->
        <test-method is-config="true" signature="configBM()[pri:0, instance:com.V_tiger.Organization.CreateOrganizationTest@38d8f54a]" started-at="2025-03-02T19:05:07 IST" name="configBM" finished-at="2025-03-02T19:05:16 IST" duration-ms="9177" status="PASS">
          <reporter-output>
          </reporter-output>
        </test-method> <!-- configBM -->
        <test-method signature="createOrgWithNameTest()[pri:0, instance:com.V_tiger.Organization.CreateOrganizationTest@38d8f54a]" started-at="2025-03-02T19:05:16 IST" name="createOrgWithNameTest" finished-at="2025-03-02T19:05:42 IST" duration-ms="25821" status="PASS">
          <reporter-output>
          </reporter-output>
        </test-method> <!-- createOrgWithNameTest -->
        <test-method is-config="true" signature="configAM()[pri:0, instance:com.V_tiger.Organization.CreateOrganizationTest@38d8f54a]" started-at="2025-03-02T19:05:42 IST" name="configAM" finished-at="2025-03-02T19:05:45 IST" duration-ms="3436" status="PASS">
          <reporter-output>
          </reporter-output>
        </test-method> <!-- configAM -->
        <test-method is-config="true" signature="configBM()[pri:0, instance:com.V_tiger.Organization.CreateOrganizationTest@38d8f54a]" started-at="2025-03-02T19:05:45 IST" name="configBM" finished-at="2025-03-02T19:05:53 IST" duration-ms="7433" status="PASS">
          <reporter-output>
          </reporter-output>
        </test-method> <!-- configBM -->
        <test-method signature="createOrgWithPhoneTest()[pri:0, instance:com.V_tiger.Organization.CreateOrganizationTest@38d8f54a]" started-at="2025-03-02T19:05:53 IST" name="createOrgWithPhoneTest" finished-at="2025-03-02T19:06:18 IST" duration-ms="25257" status="PASS">
          <reporter-output>
          </reporter-output>
        </test-method> <!-- createOrgWithPhoneTest -->
        <test-method is-config="true" signature="configAM()[pri:0, instance:com.V_tiger.Organization.CreateOrganizationTest@38d8f54a]" started-at="2025-03-02T19:06:18 IST" name="configAM" finished-at="2025-03-02T19:06:21 IST" duration-ms="3449" status="PASS">
          <reporter-output>
          </reporter-output>
        </test-method> <!-- configAM -->
        <test-method is-config="true" signature="configBM()[pri:0, instance:com.V_tiger.Organization.CreateOrganizationTest@38d8f54a]" started-at="2025-03-02T19:06:21 IST" name="configBM" finished-at="2025-03-02T19:06:29 IST" duration-ms="7608" status="PASS">
          <reporter-output>
          </reporter-output>
        </test-method> <!-- configBM -->
        <test-method signature="createOrgWithTypeTest()[pri:0, instance:com.V_tiger.Organization.CreateOrganizationTest@38d8f54a]" started-at="2025-03-02T19:06:29 IST" name="createOrgWithTypeTest" finished-at="2025-03-02T19:06:54 IST" duration-ms="25392" status="PASS">
          <reporter-output>
          </reporter-output>
        </test-method> <!-- createOrgWithTypeTest -->
        <test-method is-config="true" signature="configAM()[pri:0, instance:com.V_tiger.Organization.CreateOrganizationTest@38d8f54a]" started-at="2025-03-02T19:06:54 IST" name="configAM" finished-at="2025-03-02T19:06:58 IST" duration-ms="3742" status="PASS">
          <reporter-output>
          </reporter-output>
        </test-method> <!-- configAM -->
        <test-method is-config="true" signature="configAC()[pri:0, instance:com.V_tiger.Organization.CreateOrganizationTest@38d8f54a]" started-at="2025-03-02T19:06:58 IST" name="configAC" finished-at="2025-03-02T19:07:00 IST" duration-ms="1569" status="PASS">
          <reporter-output>
          </reporter-output>
        </test-method> <!-- configAC -->
        <test-method is-config="true" signature="configAS()[pri:0, instance:com.V_tiger.Organization.CreateOrganizationTest@38d8f54a]" started-at="2025-03-02T19:07:22 IST" name="configAS" finished-at="2025-03-02T19:07:22 IST" duration-ms="33" status="PASS">
          <reporter-output>
          </reporter-output>
        </test-method> <!-- configAS -->
      </class> <!-- com.V_tiger.Organization.CreateOrganizationTest -->
    </test> <!-- testRunner-firefox -->
    <test started-at="2025-03-02T19:05:03 IST" name="testRunner-chrome" finished-at="2025-03-02T19:07:22 IST" duration-ms="139049">
      <class name="com.V_tiger.Contact.CreateContactTest">
        <test-method is-config="true" signature="configBC(java.lang.String)[pri:0, instance:com.V_tiger.Contact.CreateContactTest@4fb61f4a]" started-at="2025-03-02T19:05:03 IST" name="configBC" finished-at="2025-03-02T19:05:07 IST" duration-ms="3782" status="PASS">
          <params>
            <param index="0">
              <value>
                <![CDATA[chrome]]>
              </value>
            </param>
          </params>
          <reporter-output>
          </reporter-output>
        </test-method> <!-- configBC -->
        <test-method is-config="true" signature="configBM()[pri:0, instance:com.V_tiger.Contact.CreateContactTest@4fb61f4a]" started-at="2025-03-02T19:05:07 IST" name="configBM" finished-at="2025-03-02T19:05:15 IST" duration-ms="8594" status="PASS">
          <reporter-output>
          </reporter-output>
        </test-method> <!-- configBM -->
        <test-method signature="createContactWithDateTest()[pri:0, instance:com.V_tiger.Contact.CreateContactTest@4fb61f4a]" started-at="2025-03-02T19:05:15 IST" name="createContactWithDateTest" finished-at="2025-03-02T19:05:41 IST" duration-ms="26008" status="PASS">
          <reporter-output>
          </reporter-output>
        </test-method> <!-- createContactWithDateTest -->
        <test-method is-config="true" signature="configAM()[pri:0, instance:com.V_tiger.Contact.CreateContactTest@4fb61f4a]" started-at="2025-03-02T19:05:41 IST" name="configAM" finished-at="2025-03-02T19:05:45 IST" duration-ms="3596" status="PASS">
          <reporter-output>
          </reporter-output>
        </test-method> <!-- configAM -->
        <test-method is-config="true" signature="configBM()[pri:0, instance:com.V_tiger.Contact.CreateContactTest@4fb61f4a]" started-at="2025-03-02T19:05:45 IST" name="configBM" finished-at="2025-03-02T19:05:52 IST" duration-ms="7512" status="PASS">
          <reporter-output>
          </reporter-output>
        </test-method> <!-- configBM -->
        <test-method signature="createContactWithNameTest()[pri:0, instance:com.V_tiger.Contact.CreateContactTest@4fb61f4a]" started-at="2025-03-02T19:05:52 IST" name="createContactWithNameTest" finished-at="2025-03-02T19:06:17 IST" duration-ms="24161" status="PASS">
          <reporter-output>
          </reporter-output>
        </test-method> <!-- createContactWithNameTest -->
        <test-method is-config="true" signature="configAM()[pri:0, instance:com.V_tiger.Contact.CreateContactTest@4fb61f4a]" started-at="2025-03-02T19:06:17 IST" name="configAM" finished-at="2025-03-02T19:06:20 IST" duration-ms="3344" status="PASS">
          <reporter-output>
          </reporter-output>
        </test-method> <!-- configAM -->
        <test-method is-config="true" signature="configBM()[pri:0, instance:com.V_tiger.Contact.CreateContactTest@4fb61f4a]" started-at="2025-03-02T19:06:20 IST" name="configBM" finished-at="2025-03-02T19:06:27 IST" duration-ms="7233" status="PASS">
          <reporter-output>
          </reporter-output>
        </test-method> <!-- configBM -->
        <test-method signature="createContactWithOrgTest()[pri:0, instance:com.V_tiger.Contact.CreateContactTest@4fb61f4a]" started-at="2025-03-02T19:06:27 IST" name="createContactWithOrgTest" finished-at="2025-03-02T19:07:18 IST" duration-ms="51166" status="PASS">
          <reporter-output>
          </reporter-output>
        </test-method> <!-- createContactWithOrgTest -->
        <test-method is-config="true" signature="configAM()[pri:0, instance:com.V_tiger.Contact.CreateContactTest@4fb61f4a]" started-at="2025-03-02T19:07:18 IST" name="configAM" finished-at="2025-03-02T19:07:21 IST" duration-ms="3020" status="PASS">
          <reporter-output>
          </reporter-output>
        </test-method> <!-- configAM -->
        <test-method is-config="true" signature="configAC()[pri:0, instance:com.V_tiger.Contact.CreateContactTest@4fb61f4a]" started-at="2025-03-02T19:07:21 IST" name="configAC" finished-at="2025-03-02T19:07:22 IST" duration-ms="501" status="PASS">
          <reporter-output>
          </reporter-output>
        </test-method> <!-- configAC -->
      </class> <!-- com.V_tiger.Contact.CreateContactTest -->
    </test> <!-- testRunner-chrome -->
  </suite> <!-- Suite -->
</testng-results>
