<?xml version="1.0" encoding="UTF-8"?>
<!-- Generated by org.testng.reporters.JUnitXMLReporter -->
<testsuite ignored="2" hostname="Kumarswamy-PC" failures="0" tests="6" name="testRunner-edge" time="129.204" errors="0" timestamp="2025-03-04T15:03:00 IST">
  <testcase classname="com.V_tiger.Organization.CreateOrganizationTest" name="createOrgWithNameTest" time="10.379"/>
  <testcase classname="com.V_tiger.Organization.CreateOrganizationTest" name="createOrgWithPhoneTest" time="0.0">
    <skipped/>
  </testcase> <!-- createOrgWithPhoneTest -->
  <testcase classname="com.V_tiger.Organization.CreateOrganizationTest" name="createOrgWithTypeTest" time="0.001">
    <skipped/>
  </testcase> <!-- createOrgWithTypeTest -->
  <testcase classname="com.V_tiger.Contact.CreateContactTest" name="createContactWithDateTest" time="10.398"/>
  <testcase classname="com.V_tiger.Contact.CreateContactTest" name="createContactWithNameTest" time="0.0">
    <skipped/>
  </testcase> <!-- createContactWithNameTest -->
  <testcase classname="com.V_tiger.Contact.CreateContactTest" name="createContactWithOrgTest" time="0.0">
    <skipped/>
  </testcase> <!-- createContactWithOrgTest -->
  <testcase classname="com.Vtiger.BaseUtility.BaseClass" name="@AfterSuite configAS" time="0.0">
    <ignored/>
  </testcase> <!-- @AfterSuite configAS -->
  <testcase classname="com.Vtiger.BaseUtility.BaseClass" name="@BeforeSuite configBS" time="0.0">
    <ignored/>
  </testcase> <!-- @BeforeSuite configBS -->
</testsuite> <!-- testRunner-edge -->
