<?xml version="1.0" encoding="UTF-8"?>
<!-- Generated by org.testng.reporters.JUnitXMLReporter -->
<testsuite ignored="2" hostname="Kumarswamy-PC" failures="0" tests="6" name="testRunner-edge" time="135.749" errors="0" timestamp="2025-03-04T12:42:39 IST">
  <testcase classname="com.V_tiger.Organization.CreateOrganizationTest" name="createOrgWithNameTest" time="30.543"/>
  <testcase classname="com.V_tiger.Organization.CreateOrganizationTest" name="createOrgWithPhoneTest" time="9.313"/>
  <testcase classname="com.V_tiger.Organization.CreateOrganizationTest" name="createOrgWithTypeTest" time="9.493"/>
  <testcase classname="com.V_tiger.Contact.CreateContactTest" name="createContactWithDateTest" time="9.396"/>
  <testcase classname="com.V_tiger.Contact.CreateContactTest" name="createContactWithNameTest" time="8.727"/>
  <testcase classname="com.V_tiger.Contact.CreateContactTest" name="createContactWithOrgTest" time="19.214"/>
  <testcase classname="com.Vtiger.BaseUtility.BaseClass" name="@BeforeSuite configBS" time="0.0">
    <ignored/>
  </testcase> <!-- @BeforeSuite configBS -->
  <testcase classname="com.Vtiger.BaseUtility.BaseClass" name="@AfterSuite configAS" time="0.0">
    <ignored/>
  </testcase> <!-- @AfterSuite configAS -->
</testsuite> <!-- testRunner-edge -->
