<?xml version="1.0" encoding="UTF-8"?>
<!-- Generated by org.testng.reporters.JUnitXMLReporter -->
<testsuite ignored="2" hostname="Kumarswamy-PC" failures="0" tests="6" name="testRunner-chrome" time="289.315" errors="0" timestamp="2025-03-04T12:45:13 IST">
  <testcase classname="com.V_tiger.Contact.CreateContactTest" name="createContactWithDateTest" time="9.308"/>
  <testcase classname="com.V_tiger.Contact.CreateContactTest" name="createContactWithNameTest" time="8.301"/>
  <testcase classname="com.V_tiger.Contact.CreateContactTest" name="createContactWithOrgTest" time="17.344"/>
  <testcase classname="com.V_tiger.Organization.CreateOrganizationTest" name="createOrgWithNameTest" time="8.88"/>
  <testcase classname="com.V_tiger.Organization.CreateOrganizationTest" name="createOrgWithPhoneTest" time="8.819"/>
  <testcase classname="com.V_tiger.Organization.CreateOrganizationTest" name="createOrgWithTypeTest" time="8.873"/>
  <testcase classname="com.Vtiger.BaseUtility.BaseClass" name="@AfterSuite configAS" time="0.0">
    <ignored/>
  </testcase> <!-- @AfterSuite configAS -->
  <testcase classname="com.Vtiger.BaseUtility.BaseClass" name="@BeforeSuite configBS" time="0.0">
    <ignored/>
  </testcase> <!-- @BeforeSuite configBS -->
</testsuite> <!-- testRunner-chrome -->
